mode: set
github.com/gofr-crud/service/service.go:15.37,17.2 1 0
github.com/gofr-crud/service/service.go:19.67,21.16 2 0
github.com/gofr-crud/service/service.go:25.2,25.23 1 0
github.com/gofr-crud/service/service.go:21.16,23.3 1 0
github.com/gofr-crud/service/service.go:28.80,30.16 2 0
github.com/gofr-crud/service/service.go:34.2,34.20 1 0
github.com/gofr-crud/service/service.go:38.2,39.16 2 0
github.com/gofr-crud/service/service.go:43.2,43.22 1 0
github.com/gofr-crud/service/service.go:30.16,32.3 1 0
github.com/gofr-crud/service/service.go:34.20,36.3 1 0
github.com/gofr-crud/service/service.go:39.16,41.3 1 0
github.com/gofr-crud/service/service.go:46.94,47.25 1 0
github.com/gofr-crud/service/service.go:51.2,52.16 2 0
github.com/gofr-crud/service/service.go:56.2,57.16 2 0
github.com/gofr-crud/service/service.go:61.2,61.18 1 0
github.com/gofr-crud/service/service.go:47.25,49.3 1 0
github.com/gofr-crud/service/service.go:52.16,54.3 1 0
github.com/gofr-crud/service/service.go:57.16,59.3 1 0
github.com/gofr-crud/service/service.go:64.94,65.25 1 0
github.com/gofr-crud/service/service.go:69.2,69.21 1 0
github.com/gofr-crud/service/service.go:73.2,74.16 2 0
github.com/gofr-crud/service/service.go:78.2,79.16 2 0
github.com/gofr-crud/service/service.go:83.2,83.18 1 0
github.com/gofr-crud/service/service.go:65.25,67.3 1 0
github.com/gofr-crud/service/service.go:69.21,71.3 1 0
github.com/gofr-crud/service/service.go:74.16,76.3 1 0
github.com/gofr-crud/service/service.go:79.16,81.3 1 0
github.com/gofr-crud/service/service.go:86.61,88.16 2 0
github.com/gofr-crud/service/service.go:91.2,91.20 1 0
github.com/gofr-crud/service/service.go:95.2,96.16 2 0
github.com/gofr-crud/service/service.go:100.2,100.12 1 0
github.com/gofr-crud/service/service.go:88.16,90.3 1 0
github.com/gofr-crud/service/service.go:91.20,93.3 1 0
github.com/gofr-crud/service/service.go:96.16,98.3 1 0
github.com/gofr-crud/main.go:11.13,30.2 13 0
github.com/gofr-crud/service/mock_interfaces.go:27.59,31.2 3 0
github.com/gofr-crud/service/mock_interfaces.go:34.57,36.2 1 0
github.com/gofr-crud/service/mock_interfaces.go:39.99,45.2 5 0
github.com/gofr-crud/service/mock_interfaces.go:48.83,51.2 2 0
github.com/gofr-crud/service/mock_interfaces.go:54.66,59.2 4 0
github.com/gofr-crud/service/mock_interfaces.go:62.77,65.2 2 0
github.com/gofr-crud/service/mock_interfaces.go:68.72,74.2 5 0
github.com/gofr-crud/service/mock_interfaces.go:77.70,80.2 2 0
github.com/gofr-crud/service/mock_interfaces.go:83.85,89.2 5 0
github.com/gofr-crud/service/mock_interfaces.go:92.78,95.2 2 0
github.com/gofr-crud/service/mock_interfaces.go:98.99,104.2 5 0
github.com/gofr-crud/service/mock_interfaces.go:107.83,110.2 2 0
github.com/gofr-crud/handler/handlers.go:14.43,16.2 1 0
github.com/gofr-crud/handler/handlers.go:18.62,20.16 2 0
github.com/gofr-crud/handler/handlers.go:24.2,24.23 1 0
github.com/gofr-crud/handler/handlers.go:20.16,22.3 1 0
github.com/gofr-crud/handler/handlers.go:27.66,29.14 2 0
github.com/gofr-crud/handler/handlers.go:33.2,34.16 2 0
github.com/gofr-crud/handler/handlers.go:38.2,38.22 1 0
github.com/gofr-crud/handler/handlers.go:29.14,31.3 1 0
github.com/gofr-crud/handler/handlers.go:34.16,36.3 1 0
github.com/gofr-crud/handler/handlers.go:41.65,43.44 2 0
github.com/gofr-crud/handler/handlers.go:48.2,49.16 2 0
github.com/gofr-crud/handler/handlers.go:53.2,53.18 1 0
github.com/gofr-crud/handler/handlers.go:43.44,46.3 2 0
github.com/gofr-crud/handler/handlers.go:49.16,51.3 1 0
github.com/gofr-crud/handler/handlers.go:56.65,58.44 2 0
github.com/gofr-crud/handler/handlers.go:63.2,64.16 2 0
github.com/gofr-crud/handler/handlers.go:68.2,68.18 1 0
github.com/gofr-crud/handler/handlers.go:58.44,61.3 2 0
github.com/gofr-crud/handler/handlers.go:64.16,66.3 1 0
github.com/gofr-crud/handler/handlers.go:71.65,73.14 2 0
github.com/gofr-crud/handler/handlers.go:77.2,78.16 2 0
github.com/gofr-crud/handler/handlers.go:82.2,82.36 1 0
github.com/gofr-crud/handler/handlers.go:73.14,75.3 1 0
github.com/gofr-crud/handler/handlers.go:78.16,80.3 1 0
github.com/gofr-crud/store/mock_interfaces.go:27.55,31.2 3 0
github.com/gofr-crud/store/mock_interfaces.go:34.53,36.2 1 0
github.com/gofr-crud/store/mock_interfaces.go:39.86,45.2 5 0
github.com/gofr-crud/store/mock_interfaces.go:48.81,51.2 2 0
github.com/gofr-crud/store/mock_interfaces.go:54.61,59.2 4 0
github.com/gofr-crud/store/mock_interfaces.go:62.75,65.2 2 0
github.com/gofr-crud/store/mock_interfaces.go:68.70,74.2 5 0
github.com/gofr-crud/store/mock_interfaces.go:77.68,80.2 2 0
github.com/gofr-crud/store/mock_interfaces.go:83.80,89.2 5 0
github.com/gofr-crud/store/mock_interfaces.go:92.76,95.2 2 0
github.com/gofr-crud/store/mock_interfaces.go:98.79,103.2 4 0
github.com/gofr-crud/store/mock_interfaces.go:106.81,109.2 2 0
github.com/gofr-crud/store/store.go:12.18,14.2 1 1
github.com/gofr-crud/store/store.go:16.68,18.16 2 1
github.com/gofr-crud/store/store.go:22.2,24.18 2 1
github.com/gofr-crud/store/store.go:35.2,35.23 1 1
github.com/gofr-crud/store/store.go:18.16,20.3 1 1
github.com/gofr-crud/store/store.go:24.18,28.17 3 1
github.com/gofr-crud/store/store.go:32.3,32.35 1 1
github.com/gofr-crud/store/store.go:28.17,30.4 1 1
github.com/gofr-crud/store/store.go:38.78,44.40 4 1
github.com/gofr-crud/store/store.go:48.2,48.22 1 1
github.com/gofr-crud/store/store.go:44.40,46.3 1 1
github.com/gofr-crud/store/store.go:51.84,53.16 2 1
github.com/gofr-crud/store/store.go:57.2,58.16 2 1
github.com/gofr-crud/store/store.go:61.2,61.21 1 1
github.com/gofr-crud/store/store.go:53.16,55.3 1 1
github.com/gofr-crud/store/store.go:58.16,60.3 1 0
github.com/gofr-crud/store/store.go:64.77,66.16 2 1
github.com/gofr-crud/store/store.go:70.2,70.12 1 1
github.com/gofr-crud/store/store.go:66.16,68.3 1 1
github.com/gofr-crud/store/store.go:73.59,75.16 2 1
github.com/gofr-crud/store/store.go:79.2,79.12 1 1
github.com/gofr-crud/store/store.go:75.16,77.3 1 1
github.com/gofr-crud/store/mock_interfaces.go:27.55,31.2 3 1
github.com/gofr-crud/store/mock_interfaces.go:34.53,36.2 1 1
github.com/gofr-crud/store/mock_interfaces.go:39.86,45.2 5 1
github.com/gofr-crud/store/mock_interfaces.go:48.81,51.2 2 1
github.com/gofr-crud/store/mock_interfaces.go:54.61,59.2 4 1
github.com/gofr-crud/store/mock_interfaces.go:62.75,65.2 2 1
github.com/gofr-crud/store/mock_interfaces.go:68.70,74.2 5 1
github.com/gofr-crud/store/mock_interfaces.go:77.68,80.2 2 1
github.com/gofr-crud/store/mock_interfaces.go:83.80,89.2 5 1
github.com/gofr-crud/store/mock_interfaces.go:92.76,95.2 2 1
github.com/gofr-crud/store/mock_interfaces.go:98.79,103.2 4 1
github.com/gofr-crud/store/mock_interfaces.go:106.81,109.2 2 1
github.com/gofr-crud/main.go:11.13,30.2 13 0
github.com/gofr-crud/service/mock_interfaces.go:27.59,31.2 3 0
github.com/gofr-crud/service/mock_interfaces.go:34.57,36.2 1 0
github.com/gofr-crud/service/mock_interfaces.go:39.99,45.2 5 0
github.com/gofr-crud/service/mock_interfaces.go:48.83,51.2 2 0
github.com/gofr-crud/service/mock_interfaces.go:54.66,59.2 4 0
github.com/gofr-crud/service/mock_interfaces.go:62.77,65.2 2 0
github.com/gofr-crud/service/mock_interfaces.go:68.72,74.2 5 0
github.com/gofr-crud/service/mock_interfaces.go:77.70,80.2 2 0
github.com/gofr-crud/service/mock_interfaces.go:83.85,89.2 5 0
github.com/gofr-crud/service/mock_interfaces.go:92.78,95.2 2 0
github.com/gofr-crud/service/mock_interfaces.go:98.99,104.2 5 0
github.com/gofr-crud/service/mock_interfaces.go:107.83,110.2 2 0
github.com/gofr-crud/store/store.go:12.18,14.2 1 0
github.com/gofr-crud/store/store.go:16.68,18.16 2 0
github.com/gofr-crud/store/store.go:22.2,24.18 2 0
github.com/gofr-crud/store/store.go:35.2,35.23 1 0
github.com/gofr-crud/store/store.go:18.16,20.3 1 0
github.com/gofr-crud/store/store.go:24.18,28.17 3 0
github.com/gofr-crud/store/store.go:32.3,32.35 1 0
github.com/gofr-crud/store/store.go:28.17,30.4 1 0
github.com/gofr-crud/store/store.go:38.78,44.40 4 0
github.com/gofr-crud/store/store.go:48.2,48.22 1 0
github.com/gofr-crud/store/store.go:44.40,46.3 1 0
github.com/gofr-crud/store/store.go:51.84,53.16 2 0
github.com/gofr-crud/store/store.go:57.2,58.16 2 0
github.com/gofr-crud/store/store.go:61.2,61.21 1 0
github.com/gofr-crud/store/store.go:53.16,55.3 1 0
github.com/gofr-crud/store/store.go:58.16,60.3 1 0
github.com/gofr-crud/store/store.go:64.77,66.16 2 0
github.com/gofr-crud/store/store.go:70.2,70.12 1 0
github.com/gofr-crud/store/store.go:66.16,68.3 1 0
github.com/gofr-crud/store/store.go:73.59,75.16 2 0
github.com/gofr-crud/store/store.go:79.2,79.12 1 0
github.com/gofr-crud/store/store.go:75.16,77.3 1 0
github.com/gofr-crud/handler/handlers.go:14.43,16.2 1 0
github.com/gofr-crud/handler/handlers.go:18.62,20.16 2 0
github.com/gofr-crud/handler/handlers.go:24.2,24.23 1 0
github.com/gofr-crud/handler/handlers.go:20.16,22.3 1 0
github.com/gofr-crud/handler/handlers.go:27.66,29.14 2 0
github.com/gofr-crud/handler/handlers.go:33.2,34.16 2 0
github.com/gofr-crud/handler/handlers.go:38.2,38.22 1 0
github.com/gofr-crud/handler/handlers.go:29.14,31.3 1 0
github.com/gofr-crud/handler/handlers.go:34.16,36.3 1 0
github.com/gofr-crud/handler/handlers.go:41.65,43.44 2 0
github.com/gofr-crud/handler/handlers.go:48.2,49.16 2 0
github.com/gofr-crud/handler/handlers.go:53.2,53.18 1 0
github.com/gofr-crud/handler/handlers.go:43.44,46.3 2 0
github.com/gofr-crud/handler/handlers.go:49.16,51.3 1 0
github.com/gofr-crud/handler/handlers.go:56.65,58.44 2 0
github.com/gofr-crud/handler/handlers.go:63.2,64.16 2 0
github.com/gofr-crud/handler/handlers.go:68.2,68.18 1 0
github.com/gofr-crud/handler/handlers.go:58.44,61.3 2 0
github.com/gofr-crud/handler/handlers.go:64.16,66.3 1 0
github.com/gofr-crud/handler/handlers.go:71.65,73.14 2 0
github.com/gofr-crud/handler/handlers.go:77.2,78.16 2 0
github.com/gofr-crud/handler/handlers.go:82.2,82.36 1 0
github.com/gofr-crud/handler/handlers.go:73.14,75.3 1 0
github.com/gofr-crud/handler/handlers.go:78.16,80.3 1 0
github.com/gofr-crud/service/service.go:15.37,17.2 1 1
github.com/gofr-crud/service/service.go:19.67,21.16 2 1
github.com/gofr-crud/service/service.go:25.2,25.23 1 1
github.com/gofr-crud/service/service.go:21.16,23.3 1 1
github.com/gofr-crud/service/service.go:28.80,30.16 2 1
github.com/gofr-crud/service/service.go:34.2,34.20 1 1
github.com/gofr-crud/service/service.go:38.2,39.16 2 1
github.com/gofr-crud/service/service.go:43.2,43.22 1 1
github.com/gofr-crud/service/service.go:30.16,32.3 1 1
github.com/gofr-crud/service/service.go:34.20,36.3 1 1
github.com/gofr-crud/service/service.go:39.16,41.3 1 1
github.com/gofr-crud/service/service.go:46.94,47.25 1 1
github.com/gofr-crud/service/service.go:51.2,52.16 2 1
github.com/gofr-crud/service/service.go:56.2,57.16 2 1
github.com/gofr-crud/service/service.go:61.2,61.18 1 1
github.com/gofr-crud/service/service.go:47.25,49.3 1 1
github.com/gofr-crud/service/service.go:52.16,54.3 1 1
github.com/gofr-crud/service/service.go:57.16,59.3 1 1
github.com/gofr-crud/service/service.go:64.94,65.25 1 1
github.com/gofr-crud/service/service.go:69.2,69.21 1 1
github.com/gofr-crud/service/service.go:73.2,74.16 2 1
github.com/gofr-crud/service/service.go:78.2,79.16 2 1
github.com/gofr-crud/service/service.go:83.2,83.18 1 1
github.com/gofr-crud/service/service.go:65.25,67.3 1 1
github.com/gofr-crud/service/service.go:69.21,71.3 1 1
github.com/gofr-crud/service/service.go:74.16,76.3 1 1
github.com/gofr-crud/service/service.go:79.16,81.3 1 1
github.com/gofr-crud/service/service.go:86.61,88.16 2 1
github.com/gofr-crud/service/service.go:91.2,91.20 1 1
github.com/gofr-crud/service/service.go:95.2,96.16 2 1
github.com/gofr-crud/service/service.go:100.2,100.12 1 1
github.com/gofr-crud/service/service.go:88.16,90.3 1 1
github.com/gofr-crud/service/service.go:91.20,93.3 1 1
github.com/gofr-crud/service/service.go:96.16,98.3 1 1
