mode: set
github.com/gofr-crud/service/mock_interfaces.go:27.59,31.2 3 0
github.com/gofr-crud/service/mock_interfaces.go:34.57,36.2 1 0
github.com/gofr-crud/service/mock_interfaces.go:39.99,45.2 5 0
github.com/gofr-crud/service/mock_interfaces.go:48.83,51.2 2 0
github.com/gofr-crud/service/mock_interfaces.go:54.66,59.2 4 0
github.com/gofr-crud/service/mock_interfaces.go:62.77,65.2 2 0
github.com/gofr-crud/service/mock_interfaces.go:68.72,74.2 5 0
github.com/gofr-crud/service/mock_interfaces.go:77.70,80.2 2 0
github.com/gofr-crud/service/mock_interfaces.go:83.85,89.2 5 0
github.com/gofr-crud/service/mock_interfaces.go:92.78,95.2 2 0
github.com/gofr-crud/service/mock_interfaces.go:98.99,104.2 5 0
github.com/gofr-crud/service/mock_interfaces.go:107.83,110.2 2 0
github.com/gofr-crud/service/service.go:15.37,17.2 1 1
github.com/gofr-crud/service/service.go:19.67,21.16 2 1
github.com/gofr-crud/service/service.go:25.2,25.23 1 1
github.com/gofr-crud/service/service.go:21.16,23.3 1 1
github.com/gofr-crud/service/service.go:28.80,30.16 2 1
github.com/gofr-crud/service/service.go:34.2,34.20 1 1
github.com/gofr-crud/service/service.go:38.2,39.16 2 1
github.com/gofr-crud/service/service.go:43.2,43.22 1 1
github.com/gofr-crud/service/service.go:30.16,32.3 1 1
github.com/gofr-crud/service/service.go:34.20,36.3 1 1
github.com/gofr-crud/service/service.go:39.16,41.3 1 1
github.com/gofr-crud/service/service.go:46.94,47.25 1 1
github.com/gofr-crud/service/service.go:51.2,52.16 2 1
github.com/gofr-crud/service/service.go:56.2,57.16 2 1
github.com/gofr-crud/service/service.go:61.2,61.18 1 1
github.com/gofr-crud/service/service.go:47.25,49.3 1 1
github.com/gofr-crud/service/service.go:52.16,54.3 1 1
github.com/gofr-crud/service/service.go:57.16,59.3 1 1
github.com/gofr-crud/service/service.go:64.94,65.25 1 1
github.com/gofr-crud/service/service.go:69.2,69.21 1 1
github.com/gofr-crud/service/service.go:73.2,74.16 2 1
github.com/gofr-crud/service/service.go:78.2,79.16 2 1
github.com/gofr-crud/service/service.go:83.2,83.18 1 1
github.com/gofr-crud/service/service.go:65.25,67.3 1 1
github.com/gofr-crud/service/service.go:69.21,71.3 1 1
github.com/gofr-crud/service/service.go:74.16,76.3 1 1
github.com/gofr-crud/service/service.go:79.16,81.3 1 1
github.com/gofr-crud/service/service.go:86.61,88.16 2 1
github.com/gofr-crud/service/service.go:91.2,91.20 1 1
github.com/gofr-crud/service/service.go:95.2,96.16 2 1
github.com/gofr-crud/service/service.go:100.2,100.12 1 1
github.com/gofr-crud/service/service.go:88.16,90.3 1 1
github.com/gofr-crud/service/service.go:91.20,93.3 1 1
github.com/gofr-crud/service/service.go:96.16,98.3 1 1
